build/app/intermediates/manifest_merge_blame_file/debug/manifest-merger-blame-debug-report.txt
1<?xml version="1.0" encoding="utf-8"?>
2<manifest xmlns:android="http://schemas.android.com/apk/res/android"
3    package="com.hello.student_helper"
4    android:versionCode="1"
5    android:versionName="1.0.0" >
6
7    <uses-sdk
8        android:minSdkVersion="21"
9        android:targetSdkVersion="33" />
10    <!--
11         The INTERNET permission is required for development. Specifically,
12         the Flutter tool needs it to communicate with the running application
13         to allow setting breakpoints, to provide hot reload, etc.
14    -->
15    <uses-permission android:name="android.permission.INTERNET" />
15-->src\main\AndroidManifest.xml:3:5-67
15-->src\main\AndroidManifest.xml:3:22-64
16    <uses-permission android:name="android.permission.RECEIVE_BOOT_COMPLETED" />
16-->src\main\AndroidManifest.xml:4:5-81
16-->src\main\AndroidManifest.xml:4:22-78
17    <uses-permission android:name="android.permission.VIBRATE" />
17-->src\main\AndroidManifest.xml:5:5-66
17-->src\main\AndroidManifest.xml:5:22-63
18    <uses-permission android:name="android.permission.WAKE_LOCK" />
18-->src\main\AndroidManifest.xml:6:5-68
18-->src\main\AndroidManifest.xml:6:22-65
19    <uses-permission android:name="android.permission.WRITE_EXTERNAL_STORAGE" />
19-->src\main\AndroidManifest.xml:7:5-80
19-->src\main\AndroidManifest.xml:7:22-78
20    <uses-permission android:name="android.permission.READ_EXTERNAL_STORAGE" />
20-->src\main\AndroidManifest.xml:8:5-79
20-->src\main\AndroidManifest.xml:8:22-77
21    <uses-permission android:name="android.permission.ACCESS_FINE_LOCATION" />
21-->src\main\AndroidManifest.xml:9:5-79
21-->src\main\AndroidManifest.xml:9:22-76
22    <uses-permission android:name="android.permission.ACCESS_COARSE_LOCATION" />
22-->src\main\AndroidManifest.xml:10:5-81
22-->src\main\AndroidManifest.xml:10:22-78
23    <uses-permission android:name="android.permission.FOREGROUND_SERVICE" />
23-->src\main\AndroidManifest.xml:11:5-77
23-->src\main\AndroidManifest.xml:11:22-74
24    <uses-permission android:name="android.permission.ACCESS_BACKGROUND_LOCATION" />
24-->src\main\AndroidManifest.xml:12:5-85
24-->src\main\AndroidManifest.xml:12:22-82
25
26    <queries>
26-->src\main\AndroidManifest.xml:13:5-18:15
27        <intent>
27-->src\main\AndroidManifest.xml:14:9-17:18
28            <action android:name="android.intent.action.SENDTO" />
28-->src\main\AndroidManifest.xml:15:13-67
28-->src\main\AndroidManifest.xml:15:21-64
29
30            <data android:scheme="mailto" />
30-->src\main\AndroidManifest.xml:16:13-45
30-->src\main\AndroidManifest.xml:16:19-42
31        </intent>
32        <!-- Needs to be explicitly declared on Android R+ -->
33        <package android:name="com.google.android.apps.maps" />
33-->[com.google.android.gms:play-services-maps:18.1.0] AndroidManifest.xml:33:9-64
33-->[com.google.android.gms:play-services-maps:18.1.0] AndroidManifest.xml:33:18-61
34    </queries>
35
36    <uses-permission android:name="android.permission.ACCESS_NETWORK_STATE" />
36-->[com.google.firebase:firebase-auth:22.0.0] AndroidManifest.xml:26:5-79
36-->[com.google.firebase:firebase-auth:22.0.0] AndroidManifest.xml:26:22-76
37
38    <uses-feature
38-->[com.google.android.gms:play-services-maps:18.1.0] AndroidManifest.xml:26:5-28:35
39        android:glEsVersion="0x00020000"
39-->[com.google.android.gms:play-services-maps:18.1.0] AndroidManifest.xml:27:9-41
40        android:required="true" />
40-->[com.google.android.gms:play-services-maps:18.1.0] AndroidManifest.xml:28:9-32
41
42    <permission
42-->[androidx.core:core:1.9.0] AndroidManifest.xml:22:5-24:47
43        android:name="com.hello.student_helper.DYNAMIC_RECEIVER_NOT_EXPORTED_PERMISSION"
43-->[androidx.core:core:1.9.0] AndroidManifest.xml:23:9-81
44        android:protectionLevel="signature" />
44-->[androidx.core:core:1.9.0] AndroidManifest.xml:24:9-44
45
46    <uses-permission android:name="com.hello.student_helper.DYNAMIC_RECEIVER_NOT_EXPORTED_PERMISSION" />
46-->[androidx.core:core:1.9.0] AndroidManifest.xml:26:5-97
46-->[androidx.core:core:1.9.0] AndroidManifest.xml:26:22-94
47
48    <application
49        android:name="android.app.Application"
50        android:appComponentFactory="androidx.core.app.CoreComponentFactory"
50-->[androidx.core:core:1.9.0] AndroidManifest.xml:28:18-86
51        android:debuggable="true"
52        android:icon="@mipmap/ic_launcher"
53        android:label="student_helper" >
54        <meta-data
55            android:name="com.google.android.geo.API_KEY"
56            android:value="AIzaSyB39wAtlZ6GeIALzXYQMk6UeSX2iNtOpPE" />
57
58        <activity
59            android:name="com.example.student_helper.MainActivity"
60            android:configChanges="orientation|keyboardHidden|keyboard|screenSize|smallestScreenSize|locale|layoutDirection|fontScale|screenLayout|density|uiMode"
61            android:exported="true"
62            android:hardwareAccelerated="true"
63            android:launchMode="singleTop"
64            android:theme="@style/LaunchTheme"
65            android:windowSoftInputMode="adjustResize" >
66
67            <!--
68                 Specifies an Android theme to apply to this Activity as soon as
69                 the Android process has started. This theme is visible to the user
70                 while the Flutter UI initializes. After that, this theme continues
71                 to determine the Window background behind the Flutter UI.
72            -->
73            <meta-data
74                android:name="io.flutter.embedding.android.NormalTheme"
75                android:resource="@style/NormalTheme" />
76
77            <intent-filter>
78                <action android:name="android.intent.action.MAIN" />
79
80                <category android:name="android.intent.category.LAUNCHER" />
81            </intent-filter>
82        </activity>
83        <!--
84             Don't delete the meta-data below.
85             This is used by the Flutter tool to generate GeneratedPluginRegistrant.java
86        -->
87        <meta-data
88            android:name="flutterEmbedding"
89            android:value="2" />
90
91        <service
91-->[:firebase_auth] AndroidManifest.xml:10:9-14:19
92            android:name="com.google.firebase.components.ComponentDiscoveryService"
92-->[:firebase_auth] AndroidManifest.xml:10:18-89
93            android:directBootAware="true"
93-->[com.google.firebase:firebase-common:20.3.2] AndroidManifest.xml:34:13-43
94            android:exported="false" >
94-->[com.google.firebase:firebase-auth:22.0.0] AndroidManifest.xml:68:13-37
95            <meta-data
95-->[:firebase_auth] AndroidManifest.xml:11:13-13:85
96                android:name="com.google.firebase.components:io.flutter.plugins.firebase.auth.FlutterFirebaseAuthRegistrar"
96-->[:firebase_auth] AndroidManifest.xml:12:17-124
97                android:value="com.google.firebase.components.ComponentRegistrar" />
97-->[:firebase_auth] AndroidManifest.xml:13:17-82
98            <meta-data
98-->[:cloud_firestore] AndroidManifest.xml:11:13-13:85
99                android:name="com.google.firebase.components:io.flutter.plugins.firebase.firestore.FlutterFirebaseFirestoreRegistrar"
99-->[:cloud_firestore] AndroidManifest.xml:12:17-134
100                android:value="com.google.firebase.components.ComponentRegistrar" />
100-->[:cloud_firestore] AndroidManifest.xml:13:17-82
101            <meta-data
101-->[:firebase_core] AndroidManifest.xml:11:13-13:85
102                android:name="com.google.firebase.components:io.flutter.plugins.firebase.core.FlutterFirebaseCoreRegistrar"
102-->[:firebase_core] AndroidManifest.xml:12:17-124
103                android:value="com.google.firebase.components.ComponentRegistrar" />
103-->[:firebase_core] AndroidManifest.xml:13:17-82
104            <meta-data
104-->[com.google.firebase:firebase-auth:22.0.0] AndroidManifest.xml:69:13-71:85
105                android:name="com.google.firebase.components:com.google.firebase.auth.FirebaseAuthRegistrar"
105-->[com.google.firebase:firebase-auth:22.0.0] AndroidManifest.xml:70:17-109
106                android:value="com.google.firebase.components.ComponentRegistrar" />
106-->[com.google.firebase:firebase-auth:22.0.0] AndroidManifest.xml:71:17-82
107            <meta-data
107-->[com.google.firebase:firebase-firestore:24.6.0] AndroidManifest.xml:19:13-21:85
108                android:name="com.google.firebase.components:com.google.firebase.firestore.FirestoreRegistrar"
108-->[com.google.firebase:firebase-firestore:24.6.0] AndroidManifest.xml:20:17-111
109                android:value="com.google.firebase.components.ComponentRegistrar" />
109-->[com.google.firebase:firebase-firestore:24.6.0] AndroidManifest.xml:21:17-82
110        </service>
111
112        <provider
112-->[:flutter_email_sender] AndroidManifest.xml:10:9-18:20
113            android:name="com.sidlatau.flutteremailsender.FlutterEmailSenderFileProvider"
113-->[:flutter_email_sender] AndroidManifest.xml:11:13-90
114            android:authorities="com.hello.student_helper.file_provider"
114-->[:flutter_email_sender] AndroidManifest.xml:12:13-65
115            android:exported="false"
115-->[:flutter_email_sender] AndroidManifest.xml:13:13-37
116            android:grantUriPermissions="true" >
116-->[:flutter_email_sender] AndroidManifest.xml:14:13-47
117            <meta-data
117-->[:flutter_email_sender] AndroidManifest.xml:15:13-17:61
118                android:name="android.support.FILE_PROVIDER_PATHS"
118-->[:flutter_email_sender] AndroidManifest.xml:16:17-67
119                android:resource="@xml/shared_file_paths" />
119-->[:flutter_email_sender] AndroidManifest.xml:17:17-58
120        </provider>
121
122        <service
122-->[:geolocator_android] AndroidManifest.xml:12:9-16:56
123            android:name="com.baseflow.geolocator.GeolocatorLocationService"
123-->[:geolocator_android] AndroidManifest.xml:13:13-77
124            android:enabled="true"
124-->[:geolocator_android] AndroidManifest.xml:14:13-35
125            android:exported="false"
125-->[:geolocator_android] AndroidManifest.xml:15:13-37
126            android:foregroundServiceType="location" />
126-->[:geolocator_android] AndroidManifest.xml:16:13-53
127        <service
127-->[:location] AndroidManifest.xml:13:9-17:56
128            android:name="com.lyokone.location.FlutterLocationService"
128-->[:location] AndroidManifest.xml:14:13-71
129            android:enabled="true"
129-->[:location] AndroidManifest.xml:15:13-35
130            android:exported="false"
130-->[:location] AndroidManifest.xml:16:13-37
131            android:foregroundServiceType="location" />
131-->[:location] AndroidManifest.xml:17:13-53
132
133        <activity
133-->[com.google.firebase:firebase-auth:22.0.0] AndroidManifest.xml:29:9-46:20
134            android:name="com.google.firebase.auth.internal.GenericIdpActivity"
134-->[com.google.firebase:firebase-auth:22.0.0] AndroidManifest.xml:30:13-80
135            android:excludeFromRecents="true"
135-->[com.google.firebase:firebase-auth:22.0.0] AndroidManifest.xml:31:13-46
136            android:exported="true"
136-->[com.google.firebase:firebase-auth:22.0.0] AndroidManifest.xml:32:13-36
137            android:launchMode="singleTask"
137-->[com.google.firebase:firebase-auth:22.0.0] AndroidManifest.xml:33:13-44
138            android:theme="@android:style/Theme.Translucent.NoTitleBar" >
138-->[com.google.firebase:firebase-auth:22.0.0] AndroidManifest.xml:34:13-72
139            <intent-filter>
139-->[com.google.firebase:firebase-auth:22.0.0] AndroidManifest.xml:35:13-45:29
140                <action android:name="android.intent.action.VIEW" />
140-->[com.google.firebase:firebase-auth:22.0.0] AndroidManifest.xml:36:17-69
140-->[com.google.firebase:firebase-auth:22.0.0] AndroidManifest.xml:36:25-66
141
142                <category android:name="android.intent.category.DEFAULT" />
142-->[com.google.firebase:firebase-auth:22.0.0] AndroidManifest.xml:38:17-76
142-->[com.google.firebase:firebase-auth:22.0.0] AndroidManifest.xml:38:27-73
143                <category android:name="android.intent.category.BROWSABLE" />
143-->[com.google.firebase:firebase-auth:22.0.0] AndroidManifest.xml:39:17-78
143-->[com.google.firebase:firebase-auth:22.0.0] AndroidManifest.xml:39:27-75
144
145                <data
145-->src\main\AndroidManifest.xml:16:13-45
146                    android:host="firebase.auth"
147                    android:path="/"
148                    android:scheme="genericidp" />
148-->src\main\AndroidManifest.xml:16:19-42
149            </intent-filter>
150        </activity>
151        <activity
151-->[com.google.firebase:firebase-auth:22.0.0] AndroidManifest.xml:47:9-64:20
152            android:name="com.google.firebase.auth.internal.RecaptchaActivity"
152-->[com.google.firebase:firebase-auth:22.0.0] AndroidManifest.xml:48:13-79
153            android:excludeFromRecents="true"
153-->[com.google.firebase:firebase-auth:22.0.0] AndroidManifest.xml:49:13-46
154            android:exported="true"
154-->[com.google.firebase:firebase-auth:22.0.0] AndroidManifest.xml:50:13-36
155            android:launchMode="singleTask"
155-->[com.google.firebase:firebase-auth:22.0.0] AndroidManifest.xml:51:13-44
156            android:theme="@android:style/Theme.Translucent.NoTitleBar" >
156-->[com.google.firebase:firebase-auth:22.0.0] AndroidManifest.xml:52:13-72
157            <intent-filter>
157-->[com.google.firebase:firebase-auth:22.0.0] AndroidManifest.xml:53:13-63:29
158                <action android:name="android.intent.action.VIEW" />
158-->[com.google.firebase:firebase-auth:22.0.0] AndroidManifest.xml:36:17-69
158-->[com.google.firebase:firebase-auth:22.0.0] AndroidManifest.xml:36:25-66
159
160                <category android:name="android.intent.category.DEFAULT" />
160-->[com.google.firebase:firebase-auth:22.0.0] AndroidManifest.xml:38:17-76
160-->[com.google.firebase:firebase-auth:22.0.0] AndroidManifest.xml:38:27-73
161                <category android:name="android.intent.category.BROWSABLE" />
161-->[com.google.firebase:firebase-auth:22.0.0] AndroidManifest.xml:39:17-78
161-->[com.google.firebase:firebase-auth:22.0.0] AndroidManifest.xml:39:27-75
162
163                <data
163-->src\main\AndroidManifest.xml:16:13-45
164                    android:host="firebase.auth"
165                    android:path="/"
166                    android:scheme="recaptcha" />
166-->src\main\AndroidManifest.xml:16:19-42
167            </intent-filter>
168        </activity>
169
170        <uses-library
170-->[androidx.window:window:1.0.0-beta04] AndroidManifest.xml:25:9-27:40
171            android:name="androidx.window.extensions"
171-->[androidx.window:window:1.0.0-beta04] AndroidManifest.xml:26:13-54
172            android:required="false" />
172-->[androidx.window:window:1.0.0-beta04] AndroidManifest.xml:27:13-37
173        <uses-library
173-->[androidx.window:window:1.0.0-beta04] AndroidManifest.xml:28:9-30:40
174            android:name="androidx.window.sidecar"
174-->[androidx.window:window:1.0.0-beta04] AndroidManifest.xml:29:13-51
175            android:required="false" /> <!-- Needs to be explicitly declared on P+ -->
175-->[androidx.window:window:1.0.0-beta04] AndroidManifest.xml:30:13-37
176        <uses-library
176-->[com.google.android.gms:play-services-maps:18.1.0] AndroidManifest.xml:39:9-41:40
177            android:name="org.apache.http.legacy"
177-->[com.google.android.gms:play-services-maps:18.1.0] AndroidManifest.xml:40:13-50
178            android:required="false" />
178-->[com.google.android.gms:play-services-maps:18.1.0] AndroidManifest.xml:41:13-37
179
180        <activity
180-->[com.google.android.gms:play-services-auth:20.5.0] AndroidManifest.xml:23:9-27:75
181            android:name="com.google.android.gms.auth.api.signin.internal.SignInHubActivity"
181-->[com.google.android.gms:play-services-auth:20.5.0] AndroidManifest.xml:24:13-93
182            android:excludeFromRecents="true"
182-->[com.google.android.gms:play-services-auth:20.5.0] AndroidManifest.xml:25:13-46
183            android:exported="false"
183-->[com.google.android.gms:play-services-auth:20.5.0] AndroidManifest.xml:26:13-37
184            android:theme="@android:style/Theme.Translucent.NoTitleBar" />
184-->[com.google.android.gms:play-services-auth:20.5.0] AndroidManifest.xml:27:13-72
185        <!--
186            Service handling Google Sign-In user revocation. For apps that do not integrate with
187            Google Sign-In, this service will never be started.
188        -->
189        <service
189-->[com.google.android.gms:play-services-auth:20.5.0] AndroidManifest.xml:33:9-37:51
190            android:name="com.google.android.gms.auth.api.signin.RevocationBoundService"
190-->[com.google.android.gms:play-services-auth:20.5.0] AndroidManifest.xml:34:13-89
191            android:exported="true"
191-->[com.google.android.gms:play-services-auth:20.5.0] AndroidManifest.xml:35:13-36
192            android:permission="com.google.android.gms.auth.api.signin.permission.REVOCATION_NOTIFICATION"
192-->[com.google.android.gms:play-services-auth:20.5.0] AndroidManifest.xml:36:13-107
193            android:visibleToInstantApps="true" />
193-->[com.google.android.gms:play-services-auth:20.5.0] AndroidManifest.xml:37:13-48
194
195        <activity
195-->[com.google.android.gms:play-services-base:18.1.0] AndroidManifest.xml:20:9-22:45
196            android:name="com.google.android.gms.common.api.GoogleApiActivity"
196-->[com.google.android.gms:play-services-base:18.1.0] AndroidManifest.xml:20:19-85
197            android:exported="false"
197-->[com.google.android.gms:play-services-base:18.1.0] AndroidManifest.xml:22:19-43
198            android:theme="@android:style/Theme.Translucent.NoTitleBar" />
198-->[com.google.android.gms:play-services-base:18.1.0] AndroidManifest.xml:21:19-78
199
200        <provider
200-->[com.google.firebase:firebase-common:20.3.2] AndroidManifest.xml:25:9-30:39
201            android:name="com.google.firebase.provider.FirebaseInitProvider"
201-->[com.google.firebase:firebase-common:20.3.2] AndroidManifest.xml:26:13-77
202            android:authorities="com.hello.student_helper.firebaseinitprovider"
202-->[com.google.firebase:firebase-common:20.3.2] AndroidManifest.xml:27:13-72
203            android:directBootAware="true"
203-->[com.google.firebase:firebase-common:20.3.2] AndroidManifest.xml:28:13-43
204            android:exported="false"
204-->[com.google.firebase:firebase-common:20.3.2] AndroidManifest.xml:29:13-37
205            android:initOrder="100" />
205-->[com.google.firebase:firebase-common:20.3.2] AndroidManifest.xml:30:13-36
206
207        <meta-data
207-->[com.google.android.gms:play-services-basement:18.2.0] AndroidManifest.xml:21:9-23:69
208            android:name="com.google.android.gms.version"
208-->[com.google.android.gms:play-services-basement:18.2.0] AndroidManifest.xml:22:13-58
209            android:value="@integer/google_play_services_version" />
209-->[com.google.android.gms:play-services-basement:18.2.0] AndroidManifest.xml:23:13-66
210
211        <provider
211-->[androidx.emoji2:emoji2:1.2.0] AndroidManifest.xml:24:9-32:20
212            android:name="androidx.startup.InitializationProvider"
212-->[androidx.emoji2:emoji2:1.2.0] AndroidManifest.xml:25:13-67
213            android:authorities="com.hello.student_helper.androidx-startup"
213-->[androidx.emoji2:emoji2:1.2.0] AndroidManifest.xml:26:13-68
214            android:exported="false" >
214-->[androidx.emoji2:emoji2:1.2.0] AndroidManifest.xml:27:13-37
215            <meta-data
215-->[androidx.emoji2:emoji2:1.2.0] AndroidManifest.xml:29:13-31:52
216                android:name="androidx.emoji2.text.EmojiCompatInitializer"
216-->[androidx.emoji2:emoji2:1.2.0] AndroidManifest.xml:30:17-75
217                android:value="androidx.startup" />
217-->[androidx.emoji2:emoji2:1.2.0] AndroidManifest.xml:31:17-49
218            <meta-data
218-->[androidx.lifecycle:lifecycle-process:2.4.1] AndroidManifest.xml:31:13-33:52
219                android:name="androidx.lifecycle.ProcessLifecycleInitializer"
219-->[androidx.lifecycle:lifecycle-process:2.4.1] AndroidManifest.xml:32:17-78
220                android:value="androidx.startup" />
220-->[androidx.lifecycle:lifecycle-process:2.4.1] AndroidManifest.xml:33:17-49
221        </provider>
222    </application>
223
224</manifest>